<?xml version="1.0" encoding="UTF-8"?>
<!-- Generated by org.testng.reporters.JUnitReportReporter -->
<testsuite skipped="0" hostname="DESKTOP-LGSA4B8" name="Javascript.HttpCertification" tests="1" failures="0" timestamp="2022-06-14T17:53:16 IST" time="6.819" errors="0">
  <testcase name="handlehttpcertification" time="6.819" classname="Javascript.HttpCertification"/>
  <system-out/>
</testsuite> <!-- Javascript.HttpCertification -->
