<?xml version="1.0" encoding="UTF-8"?>
<!-- Generated by org.testng.reporters.JUnitReportReporter -->
<testsuite skipped="0" hostname="DESKTOP-LGSA4B8" name="Javascript.ScrollPageWindow" tests="1" failures="0" timestamp="2022-06-14T16:22:43 IST" time="18.199" errors="0">
  <testcase name="scroll" time="18.199" classname="Javascript.ScrollPageWindow"/>
  <system-out/>
</testsuite> <!-- Javascript.ScrollPageWindow -->
