<?xml version="1.0" encoding="UTF-8"?>
<!-- Generated by org.testng.reporters.JUnitReportReporter -->
<testsuite skipped="0" hostname="DESKTOP-LGSA4B8" name="Javascript.TableGride" tests="1" failures="0" timestamp="2022-06-14T16:47:06 IST" time="16.681" errors="0">
  <testcase name="scroll" time="16.681" classname="Javascript.TableGride"/>
  <system-out/>
</testsuite> <!-- Javascript.TableGride -->
