<?xml version="1.0" encoding="UTF-8"?>
<!-- Generated by org.testng.reporters.JUnitReportReporter -->
<testsuite hostname="DESKTOP-LGSA4B8" failures="0" tests="1" name="Sample.Frist" time="16.644" errors="0" timestamp="2022-06-03T14:07:40 IST" skipped="0">
  <testcase classname="Sample.Frist" name="test" time="16.644"/>
  <system-out/>
</testsuite> <!-- Sample.Frist -->
